<?xml version="1.0" encoding="UTF-8"?>
<!-- Generated by org.testng.reporters.JUnitReportReporter -->
<testsuite hostname="Sushil" failures="0" tests="3" name="mavenproject.SubmitOrderTest" time="27.207" errors="0" timestamp="2023-01-06T16:34:11 IST" skipped="0">
  <testcase classname="mavenproject.SubmitOrderTest" name="submitOrder" time="10.739"/>
  <system-out/>
  <testcase classname="mavenproject.SubmitOrderTest" name="OrderHistoryTest" time="6.930"/>
  <system-out/>
  <testcase classname="mavenproject.SubmitOrderTest" name="submitOrder" time="9.538"/>
  <system-out/>
</testsuite> <!-- mavenproject.SubmitOrderTest -->
