<?xml version="1.0" encoding="UTF-8"?>
<!-- Generated by org.testng.reporters.JUnitReportReporter -->
<testsuite hostname="Sushil" failures="0" tests="3" name="mavenproject.SubmitOrderTest" time="29.294" errors="0" timestamp="2023-01-09T12:52:07 IST" skipped="0">
  <testcase classname="mavenproject.SubmitOrderTest" name="submitOrder" time="12.650"/>
  <system-out/>
  <testcase classname="mavenproject.SubmitOrderTest" name="OrderHistoryTest" time="5.180"/>
  <system-out/>
  <testcase classname="mavenproject.SubmitOrderTest" name="submitOrder" time="11.464"/>
  <system-out/>
</testsuite> <!-- mavenproject.SubmitOrderTest -->
